<?xml version="1.0" encoding="UTF-8"?>
<testng-results skipped="0" failed="0" ignored="0" total="1" passed="1">
  <reporter-output>
  </reporter-output>
  <suite name="Default suite" duration-ms="23916" started-at="2019-02-26T03:02:12Z" finished-at="2019-02-26T03:02:36Z">
    <groups>
    </groups>
    <test name="Default test" duration-ms="23916" started-at="2019-02-26T03:02:12Z" finished-at="2019-02-26T03:02:36Z">
      <class name="com.sprint1.testcases.S75675_Create_Acccount_Functionality_Validation">
        <test-method status="PASS" signature="beforeMethod()[pri:0, instance:com.sprint1.testcases.S75675_Create_Acccount_Functionality_Validation@1e88b3c]" name="beforeMethod" is-config="true" duration-ms="16495" started-at="2019-02-26T08:32:12Z" finished-at="2019-02-26T08:32:29Z">
          <reporter-output>
          </reporter-output>
        </test-method> <!-- beforeMethod -->
        <test-method status="PASS" signature="testCase1()[pri:0, instance:com.sprint1.testcases.S75675_Create_Acccount_Functionality_Validation@1e88b3c]" name="testCase1" duration-ms="7348" started-at="2019-02-26T08:32:29Z" finished-at="2019-02-26T08:32:36Z">
          <reporter-output>
          </reporter-output>
        </test-method> <!-- testCase1 -->
      </class> <!-- com.sprint1.testcases.S75675_Create_Acccount_Functionality_Validation -->
    </test> <!-- Default test -->
  </suite> <!-- Default suite -->
</testng-results>
